15:42:51.819 [main] INFO  testCases.TC_001_AccountRegistration - Starting TC_001_AccountRegistration
15:42:51.821 [main] INFO  testCases.TC_001_AccountRegistration - Launching Application
15:42:58.663 [main] FATAL testCases.TC_001_AccountRegistration - Registration test blocked
15:43:21.191 [main] INFO  testCases.TC_001_AccountRegistration - Starting TC_001_AccountRegistration
15:43:21.194 [main] INFO  testCases.TC_001_AccountRegistration - Launching Application
15:43:23.115 [main] INFO  testCases.TC_001_AccountRegistration - Clicked on myaccount & register link
15:43:23.209 [main] INFO  testCases.TC_001_AccountRegistration - Provided firstname
15:43:23.276 [main] INFO  testCases.TC_001_AccountRegistration - Provided lastname
15:43:23.338 [main] INFO  testCases.TC_001_AccountRegistration - Provided email
15:43:23.412 [main] INFO  testCases.TC_001_AccountRegistration - Provided mobile
15:43:23.547 [main] INFO  testCases.TC_001_AccountRegistration - Provided pswd & confirm pswd
15:43:23.670 [main] INFO  testCases.TC_001_AccountRegistration - Clicked on continue button
15:43:33.703 [main] ERROR testCases.TC_001_AccountRegistration - Registration test failed
15:49:32.813 [TestNG-tests-1] INFO  testCases.TC_001_AccountRegistration - Starting TC_001_AccountRegistration
15:49:32.815 [TestNG-tests-1] INFO  testCases.TC_001_AccountRegistration - Launching Application
15:49:34.281 [TestNG-tests-1] INFO  testCases.TC_001_AccountRegistration - Clicked on myaccount & register link
15:49:34.403 [TestNG-tests-1] INFO  testCases.TC_001_AccountRegistration - Provided firstname
15:49:34.489 [TestNG-tests-1] INFO  testCases.TC_001_AccountRegistration - Provided lastname
15:49:34.558 [TestNG-tests-1] INFO  testCases.TC_001_AccountRegistration - Provided email
15:49:34.626 [TestNG-tests-1] INFO  testCases.TC_001_AccountRegistration - Provided mobile
15:49:34.764 [TestNG-tests-1] INFO  testCases.TC_001_AccountRegistration - Provided pswd & confirm pswd
15:49:35.217 [TestNG-tests-1] INFO  testCases.TC_001_AccountRegistration - Clicked on continue button
15:49:35.260 [TestNG-tests-1] INFO  testCases.TC_001_AccountRegistration - Registration test passed
15:49:35.807 [TestNG-tests-3] INFO  testCases.TC_001_AccountRegistration - Starting TC_001_AccountRegistration
15:49:35.807 [TestNG-tests-3] INFO  testCases.TC_001_AccountRegistration - Launching Application
15:49:37.088 [TestNG-tests-3] INFO  testCases.TC_001_AccountRegistration - Clicked on myaccount & register link
15:49:37.157 [TestNG-tests-3] INFO  testCases.TC_001_AccountRegistration - Provided firstname
15:49:37.180 [TestNG-tests-3] INFO  testCases.TC_001_AccountRegistration - Provided lastname
15:49:37.206 [TestNG-tests-3] INFO  testCases.TC_001_AccountRegistration - Provided email
15:49:37.229 [TestNG-tests-3] INFO  testCases.TC_001_AccountRegistration - Provided mobile
15:49:37.265 [TestNG-tests-3] INFO  testCases.TC_001_AccountRegistration - Provided pswd & confirm pswd
15:49:37.840 [TestNG-tests-3] INFO  testCases.TC_001_AccountRegistration - Clicked on continue button
15:49:37.855 [TestNG-tests-3] INFO  testCases.TC_001_AccountRegistration - Registration test passed
15:49:39.376 [TestNG-tests-2] INFO  testCases.TC_001_AccountRegistration - Starting TC_001_AccountRegistration
15:49:39.376 [TestNG-tests-2] INFO  testCases.TC_001_AccountRegistration - Launching Application
15:49:40.622 [TestNG-tests-2] INFO  testCases.TC_001_AccountRegistration - Clicked on myaccount & register link
15:49:40.716 [TestNG-tests-2] INFO  testCases.TC_001_AccountRegistration - Provided firstname
15:49:40.783 [TestNG-tests-2] INFO  testCases.TC_001_AccountRegistration - Provided lastname
15:49:40.862 [TestNG-tests-2] INFO  testCases.TC_001_AccountRegistration - Provided email
15:49:40.932 [TestNG-tests-2] INFO  testCases.TC_001_AccountRegistration - Provided mobile
15:49:41.070 [TestNG-tests-2] INFO  testCases.TC_001_AccountRegistration - Provided pswd & confirm pswd
15:49:41.475 [TestNG-tests-2] INFO  testCases.TC_001_AccountRegistration - Clicked on continue button
15:49:41.515 [TestNG-tests-2] INFO  testCases.TC_001_AccountRegistration - Registration test passed
15:57:02.995 [main] INFO  testCases.TC_001_AccountRegistration - Starting TC_001_AccountRegistration
15:57:02.997 [main] INFO  testCases.TC_001_AccountRegistration - Launching Application
15:57:04.311 [main] INFO  testCases.TC_001_AccountRegistration - Clicked on myaccount & register link
15:57:04.402 [main] INFO  testCases.TC_001_AccountRegistration - Provided firstname
15:57:04.473 [main] INFO  testCases.TC_001_AccountRegistration - Provided lastname
15:57:04.554 [main] INFO  testCases.TC_001_AccountRegistration - Provided email
15:57:04.626 [main] INFO  testCases.TC_001_AccountRegistration - Provided mobile
15:57:04.765 [main] INFO  testCases.TC_001_AccountRegistration - Provided pswd & confirm pswd
15:57:05.170 [main] INFO  testCases.TC_001_AccountRegistration - Clicked on continue button
15:57:05.206 [main] INFO  testCases.TC_001_AccountRegistration - Registration test passed
03:36:49.593 [main] INFO  testCases.TC_001_AccountRegistration - Starting TC_001_AccountRegistration
03:36:49.597 [main] INFO  testCases.TC_001_AccountRegistration - Launching Application
03:36:50.996 [main] INFO  testCases.TC_001_AccountRegistration - Clicked on myaccount & register link
03:36:51.088 [main] INFO  testCases.TC_001_AccountRegistration - Provided firstname
03:36:51.157 [main] INFO  testCases.TC_001_AccountRegistration - Provided lastname
03:36:51.247 [main] INFO  testCases.TC_001_AccountRegistration - Provided email
03:36:51.314 [main] INFO  testCases.TC_001_AccountRegistration - Provided mobile
03:36:51.441 [main] INFO  testCases.TC_001_AccountRegistration - Provided pswd & confirm pswd
03:36:51.826 [main] INFO  testCases.TC_001_AccountRegistration - Clicked on continue button
03:36:52.080 [main] ERROR testCases.TC_001_AccountRegistration - Registration test failed
03:38:58.711 [main] INFO  testCases.TC_001_AccountRegistration - Starting TC_001_AccountRegistration
03:38:58.713 [main] INFO  testCases.TC_001_AccountRegistration - Launching Application
03:38:59.952 [main] INFO  testCases.TC_001_AccountRegistration - Clicked on myaccount & register link
03:39:00.044 [main] INFO  testCases.TC_001_AccountRegistration - Provided firstname
03:39:00.108 [main] INFO  testCases.TC_001_AccountRegistration - Provided lastname
03:39:00.184 [main] INFO  testCases.TC_001_AccountRegistration - Provided email
03:39:00.259 [main] INFO  testCases.TC_001_AccountRegistration - Provided mobile
03:39:00.395 [main] INFO  testCases.TC_001_AccountRegistration - Provided pswd & confirm pswd
03:39:00.764 [main] INFO  testCases.TC_001_AccountRegistration - Clicked on continue button
03:39:00.805 [main] INFO  testCases.TC_001_AccountRegistration - Registration test passed
17:58:11.965 [main] INFO  testCases.TC_002_Login - Starting TC_002_Login
17:58:12.979 [main] INFO  testCases.TC_002_Login - Home page Displayed
17:58:13.244 [main] INFO  testCases.TC_002_Login - clicked on myaccount
17:58:13.511 [main] INFO  testCases.TC_002_Login - clicked on login
17:58:13.615 [main] INFO  testCases.TC_002_Login - Provided email
17:58:13.679 [main] INFO  testCases.TC_002_Login - Provided password
17:58:13.965 [main] INFO  testCases.TC_002_Login - clicked on login page login button
17:58:14.011 [main] INFO  testCases.TC_002_Login - Login passed
17:58:41.593 [main] INFO  testCases.TC_002_Login - Starting TC_002_Login
17:58:42.224 [main] INFO  testCases.TC_002_Login - Home page Displayed
17:58:42.570 [main] INFO  testCases.TC_002_Login - clicked on myaccount
17:58:42.841 [main] INFO  testCases.TC_002_Login - clicked on login
17:58:42.937 [main] INFO  testCases.TC_002_Login - Provided email
17:58:43.008 [main] INFO  testCases.TC_002_Login - Provided password
17:58:43.327 [main] INFO  testCases.TC_002_Login - clicked on login page login button
17:58:43.378 [main] INFO  testCases.TC_002_Login - Login passed
17:59:46.017 [main] INFO  testCases.TC_001_AccountRegistration - Starting TC_001_AccountRegistration
17:59:46.020 [main] INFO  testCases.TC_001_AccountRegistration - Launching Application
17:59:47.340 [main] INFO  testCases.TC_001_AccountRegistration - Clicked on myaccount & register link
17:59:47.433 [main] INFO  testCases.TC_001_AccountRegistration - Provided firstname
17:59:47.503 [main] INFO  testCases.TC_001_AccountRegistration - Provided lastname
17:59:47.594 [main] INFO  testCases.TC_001_AccountRegistration - Provided email
17:59:47.667 [main] INFO  testCases.TC_001_AccountRegistration - Provided mobile
17:59:47.809 [main] INFO  testCases.TC_001_AccountRegistration - Provided pswd & confirm pswd
17:59:48.170 [main] INFO  testCases.TC_001_AccountRegistration - Clicked on continue button
17:59:48.212 [main] INFO  testCases.TC_001_AccountRegistration - Registration test passed
17:59:48.932 [main] INFO  testCases.TC_002_Login - Starting TC_002_Login
17:59:49.758 [main] INFO  testCases.TC_002_Login - Home page Displayed
17:59:49.937 [main] INFO  testCases.TC_002_Login - clicked on myaccount
17:59:50.219 [main] INFO  testCases.TC_002_Login - clicked on login
17:59:50.331 [main] INFO  testCases.TC_002_Login - Provided email
17:59:50.400 [main] INFO  testCases.TC_002_Login - Provided password
17:59:50.636 [main] INFO  testCases.TC_002_Login - clicked on login page login button
18:00:00.645 [main] ERROR testCases.TC_002_Login - Login failed
18:00:46.239 [main] INFO  testCases.TC_001_AccountRegistration - Starting TC_001_AccountRegistration
18:00:46.243 [main] INFO  testCases.TC_001_AccountRegistration - Launching Application
18:00:47.495 [main] INFO  testCases.TC_001_AccountRegistration - Clicked on myaccount & register link
18:00:47.586 [main] INFO  testCases.TC_001_AccountRegistration - Provided firstname
18:00:47.656 [main] INFO  testCases.TC_001_AccountRegistration - Provided lastname
18:00:47.734 [main] INFO  testCases.TC_001_AccountRegistration - Provided email
18:00:47.808 [main] INFO  testCases.TC_001_AccountRegistration - Provided mobile
18:00:47.946 [main] INFO  testCases.TC_001_AccountRegistration - Provided pswd & confirm pswd
18:00:48.298 [main] INFO  testCases.TC_001_AccountRegistration - Clicked on continue button
18:00:48.338 [main] INFO  testCases.TC_001_AccountRegistration - Registration test passed
18:00:49.250 [main] INFO  testCases.TC_002_Login - Starting TC_002_Login
18:00:49.859 [main] INFO  testCases.TC_002_Login - Home page Displayed
18:00:50.189 [main] INFO  testCases.TC_002_Login - clicked on myaccount
18:00:50.452 [main] INFO  testCases.TC_002_Login - clicked on login
18:00:50.556 [main] INFO  testCases.TC_002_Login - Provided email
18:00:50.617 [main] INFO  testCases.TC_002_Login - Provided password
18:00:50.868 [main] INFO  testCases.TC_002_Login - clicked on login page login button
18:01:00.928 [main] ERROR testCases.TC_002_Login - Login failed
19:20:45.277 [main] INFO  testCases.TC_003_LoginDDT -  Starting TC_003_LoginDDT 
19:20:45.521 [main] FATAL testCases.TC_003_LoginDDT - Login Failed 
19:20:45.553 [main] INFO  testCases.TC_003_LoginDDT -  Starting TC_003_LoginDDT 
19:20:57.755 [main] FATAL testCases.TC_003_LoginDDT - Login Failed 
19:20:57.759 [main] INFO  testCases.TC_003_LoginDDT -  Starting TC_003_LoginDDT 
19:21:00.950 [main] INFO  testCases.TC_003_LoginDDT -  Starting TC_003_LoginDDT 
19:21:01.645 [main] INFO  testCases.TC_003_LoginDDT - Home Page Displayed 
19:21:01.874 [main] INFO  testCases.TC_003_LoginDDT - Clicked on My Account 
19:21:02.160 [main] INFO  testCases.TC_003_LoginDDT - Clicked on Login 
19:21:02.260 [main] INFO  testCases.TC_003_LoginDDT - Provided Email 
19:21:02.330 [main] INFO  testCases.TC_003_LoginDDT - Provided Password 
19:21:02.680 [main] INFO  testCases.TC_003_LoginDDT - Clicked on Login
19:21:02.732 [main] INFO  testCases.TC_003_LoginDDT - Login Success 
19:21:02.733 [main] FATAL testCases.TC_003_LoginDDT - Login Failed 
19:21:02.749 [main] INFO  testCases.TC_003_LoginDDT -  Starting TC_003_LoginDDT 
19:21:03.007 [main] INFO  testCases.TC_003_LoginDDT - Home Page Displayed 
19:21:03.063 [main] INFO  testCases.TC_003_LoginDDT - Clicked on My Account 
19:21:09.933 [main] FATAL testCases.TC_003_LoginDDT - Login Failed 
19:21:09.937 [main] INFO  testCases.TC_003_LoginDDT -  Starting TC_003_LoginDDT 
19:21:13.088 [main] FATAL testCases.TC_003_LoginDDT - Login Failed 
19:21:13.091 [main] INFO  testCases.TC_003_LoginDDT -  Starting TC_003_LoginDDT 
19:21:13.314 [main] INFO  testCases.TC_003_LoginDDT - Home Page Displayed 
19:21:13.381 [main] INFO  testCases.TC_003_LoginDDT - Clicked on My Account 
19:21:22.138 [main] FATAL testCases.TC_003_LoginDDT - Login Failed 
19:21:24.878 [main] FATAL testCases.TC_003_LoginDDT - Login Failed 
19:21:24.878 [main] INFO  testCases.TC_003_LoginDDT -  Starting TC_003_LoginDDT 
19:21:37.076 [main] FATAL testCases.TC_003_LoginDDT - Login Failed 
19:25:17.204 [main] INFO  testCases.TC_003_LoginDDT -  Starting TC_003_LoginDDT 
19:25:17.986 [main] INFO  testCases.TC_003_LoginDDT - Home Page Displayed 
19:25:18.247 [main] INFO  testCases.TC_003_LoginDDT - Clicked on My Account 
19:25:18.532 [main] INFO  testCases.TC_003_LoginDDT - Clicked on Login 
19:25:18.634 [main] INFO  testCases.TC_003_LoginDDT - Provided Email 
19:25:18.704 [main] INFO  testCases.TC_003_LoginDDT - Provided Password 
19:25:19.047 [main] INFO  testCases.TC_003_LoginDDT - Clicked on Login
19:25:19.097 [main] INFO  testCases.TC_003_LoginDDT - Login Success 
19:25:19.099 [main] FATAL testCases.TC_003_LoginDDT - Login Failed 
19:25:19.118 [main] INFO  testCases.TC_003_LoginDDT -  Starting TC_003_LoginDDT 
19:25:19.426 [main] INFO  testCases.TC_003_LoginDDT - Home Page Displayed 
19:25:19.489 [main] INFO  testCases.TC_003_LoginDDT - Clicked on My Account 
19:25:29.561 [main] FATAL testCases.TC_003_LoginDDT - Login Failed 
19:25:29.561 [main] INFO  testCases.TC_003_LoginDDT -  Starting TC_003_LoginDDT 
19:25:29.849 [main] INFO  testCases.TC_003_LoginDDT - Home Page Displayed 
19:25:29.909 [main] INFO  testCases.TC_003_LoginDDT - Clicked on My Account 
19:25:39.937 [main] FATAL testCases.TC_003_LoginDDT - Login Failed 
19:25:39.948 [main] INFO  testCases.TC_003_LoginDDT -  Starting TC_003_LoginDDT 
19:25:40.179 [main] INFO  testCases.TC_003_LoginDDT - Home Page Displayed 
19:25:40.249 [main] INFO  testCases.TC_003_LoginDDT - Clicked on My Account 
19:25:50.258 [main] FATAL testCases.TC_003_LoginDDT - Login Failed 
19:26:04.201 [main] INFO  testCases.TC_003_LoginDDT -  Starting TC_003_LoginDDT 
19:26:04.811 [main] INFO  testCases.TC_003_LoginDDT - Home Page Displayed 
19:26:05.089 [main] INFO  testCases.TC_003_LoginDDT - Clicked on My Account 
19:26:05.339 [main] INFO  testCases.TC_003_LoginDDT - Clicked on Login 
19:26:05.439 [main] INFO  testCases.TC_003_LoginDDT - Provided Email 
19:26:05.506 [main] INFO  testCases.TC_003_LoginDDT - Provided Password 
19:26:05.864 [main] INFO  testCases.TC_003_LoginDDT - Clicked on Login
19:26:05.924 [main] INFO  testCases.TC_003_LoginDDT - Login Success 
19:26:05.925 [main] FATAL testCases.TC_003_LoginDDT - Login Failed 
19:26:05.944 [main] INFO  testCases.TC_003_LoginDDT -  Starting TC_003_LoginDDT 
19:26:06.238 [main] INFO  testCases.TC_003_LoginDDT - Home Page Displayed 
19:26:06.486 [main] INFO  testCases.TC_003_LoginDDT - Clicked on My Account 
19:26:16.528 [main] FATAL testCases.TC_003_LoginDDT - Login Failed 
19:26:16.534 [main] INFO  testCases.TC_003_LoginDDT -  Starting TC_003_LoginDDT 
19:26:16.796 [main] INFO  testCases.TC_003_LoginDDT - Home Page Displayed 
19:26:16.860 [main] INFO  testCases.TC_003_LoginDDT - Clicked on My Account 
19:26:26.915 [main] FATAL testCases.TC_003_LoginDDT - Login Failed 
19:26:26.918 [main] INFO  testCases.TC_003_LoginDDT -  Starting TC_003_LoginDDT 
19:26:27.134 [main] INFO  testCases.TC_003_LoginDDT - Home Page Displayed 
19:26:27.197 [main] INFO  testCases.TC_003_LoginDDT - Clicked on My Account 
19:26:33.677 [main] FATAL testCases.TC_003_LoginDDT - Login Failed 
19:29:20.973 [main] INFO  testCases.TC_003_LoginDDT -  Starting TC_003_LoginDDT 
19:29:21.676 [main] INFO  testCases.TC_003_LoginDDT - Home Page Displayed 
19:29:21.893 [main] INFO  testCases.TC_003_LoginDDT - Clicked on My Account 
19:29:22.172 [main] INFO  testCases.TC_003_LoginDDT - Clicked on Login 
19:29:22.272 [main] INFO  testCases.TC_003_LoginDDT - Provided Email 
19:29:22.339 [main] INFO  testCases.TC_003_LoginDDT - Provided Password 
19:29:22.695 [main] INFO  testCases.TC_003_LoginDDT - Clicked on Login
19:29:22.740 [main] INFO  testCases.TC_003_LoginDDT - Login Success 
19:29:23.081 [main] INFO  testCases.TC_003_LoginDDT -  Finished TC_003_LoginDDT 
19:29:23.096 [main] INFO  testCases.TC_003_LoginDDT -  Starting TC_003_LoginDDT 
19:29:23.329 [main] INFO  testCases.TC_003_LoginDDT - Home Page Displayed 
19:29:23.384 [main] INFO  testCases.TC_003_LoginDDT - Clicked on My Account 
19:29:23.648 [main] INFO  testCases.TC_003_LoginDDT - Clicked on Login 
19:29:23.728 [main] INFO  testCases.TC_003_LoginDDT - Provided Email 
19:29:23.787 [main] INFO  testCases.TC_003_LoginDDT - Provided Password 
19:29:24.065 [main] INFO  testCases.TC_003_LoginDDT - Clicked on Login
19:29:34.113 [main] ERROR testCases.TC_003_LoginDDT - Login Failed 
19:29:34.113 [main] INFO  testCases.TC_003_LoginDDT -  Finished TC_003_LoginDDT 
19:29:34.113 [main] INFO  testCases.TC_003_LoginDDT -  Starting TC_003_LoginDDT 
19:29:34.378 [main] INFO  testCases.TC_003_LoginDDT - Home Page Displayed 
19:29:34.437 [main] INFO  testCases.TC_003_LoginDDT - Clicked on My Account 
19:29:34.709 [main] INFO  testCases.TC_003_LoginDDT - Clicked on Login 
19:29:34.795 [main] INFO  testCases.TC_003_LoginDDT - Provided Email 
19:29:34.864 [main] INFO  testCases.TC_003_LoginDDT - Provided Password 
19:29:35.135 [main] INFO  testCases.TC_003_LoginDDT - Clicked on Login
19:29:45.200 [main] ERROR testCases.TC_003_LoginDDT - Login Failed 
19:29:45.200 [main] INFO  testCases.TC_003_LoginDDT -  Finished TC_003_LoginDDT 
19:29:45.203 [main] INFO  testCases.TC_003_LoginDDT -  Starting TC_003_LoginDDT 
19:29:45.435 [main] INFO  testCases.TC_003_LoginDDT - Home Page Displayed 
19:29:45.499 [main] INFO  testCases.TC_003_LoginDDT - Clicked on My Account 
19:29:45.729 [main] INFO  testCases.TC_003_LoginDDT - Clicked on Login 
19:29:45.817 [main] INFO  testCases.TC_003_LoginDDT - Provided Email 
19:29:45.880 [main] INFO  testCases.TC_003_LoginDDT - Provided Password 
19:29:46.144 [main] INFO  testCases.TC_003_LoginDDT - Clicked on Login
19:29:56.194 [main] ERROR testCases.TC_003_LoginDDT - Login Failed 
19:29:56.194 [main] INFO  testCases.TC_003_LoginDDT -  Finished TC_003_LoginDDT 
19:42:58.146 [main] INFO  testCases.TC_003_LoginDDT -  Starting TC_003_LoginDDT 
19:42:58.938 [main] INFO  testCases.TC_003_LoginDDT - Home Page Displayed 
19:42:59.209 [main] INFO  testCases.TC_003_LoginDDT - Clicked on My Account 
19:42:59.478 [main] INFO  testCases.TC_003_LoginDDT - Clicked on Login 
19:42:59.573 [main] INFO  testCases.TC_003_LoginDDT - Provided Email 
19:42:59.638 [main] INFO  testCases.TC_003_LoginDDT - Provided Password 
19:42:59.982 [main] INFO  testCases.TC_003_LoginDDT - Clicked on Login
19:43:00.036 [main] INFO  testCases.TC_003_LoginDDT - Login Success 
19:43:00.397 [main] INFO  testCases.TC_003_LoginDDT -  Finished TC_003_LoginDDT 
19:43:00.413 [main] INFO  testCases.TC_003_LoginDDT -  Starting TC_003_LoginDDT 
19:43:00.695 [main] INFO  testCases.TC_003_LoginDDT - Home Page Displayed 
19:43:00.745 [main] INFO  testCases.TC_003_LoginDDT - Clicked on My Account 
19:43:01.009 [main] INFO  testCases.TC_003_LoginDDT - Clicked on Login 
19:43:01.095 [main] INFO  testCases.TC_003_LoginDDT - Provided Email 
19:43:01.153 [main] INFO  testCases.TC_003_LoginDDT - Provided Password 
19:43:01.398 [main] INFO  testCases.TC_003_LoginDDT - Clicked on Login
19:43:11.454 [main] ERROR testCases.TC_003_LoginDDT - Login Failed 
19:43:11.454 [main] INFO  testCases.TC_003_LoginDDT -  Finished TC_003_LoginDDT 
19:43:11.457 [main] INFO  testCases.TC_003_LoginDDT -  Starting TC_003_LoginDDT 
19:43:11.707 [main] INFO  testCases.TC_003_LoginDDT - Home Page Displayed 
19:43:11.761 [main] INFO  testCases.TC_003_LoginDDT - Clicked on My Account 
19:43:12.011 [main] INFO  testCases.TC_003_LoginDDT - Clicked on Login 
19:43:12.094 [main] INFO  testCases.TC_003_LoginDDT - Provided Email 
19:43:12.150 [main] INFO  testCases.TC_003_LoginDDT - Provided Password 
19:43:12.409 [main] INFO  testCases.TC_003_LoginDDT - Clicked on Login
19:43:22.431 [main] ERROR testCases.TC_003_LoginDDT - Login Failed 
19:43:22.431 [main] INFO  testCases.TC_003_LoginDDT -  Finished TC_003_LoginDDT 
19:43:22.433 [main] INFO  testCases.TC_003_LoginDDT -  Starting TC_003_LoginDDT 
19:43:22.676 [main] INFO  testCases.TC_003_LoginDDT - Home Page Displayed 
19:43:22.728 [main] INFO  testCases.TC_003_LoginDDT - Clicked on My Account 
19:43:22.968 [main] INFO  testCases.TC_003_LoginDDT - Clicked on Login 
19:43:23.051 [main] INFO  testCases.TC_003_LoginDDT - Provided Email 
19:43:23.116 [main] INFO  testCases.TC_003_LoginDDT - Provided Password 
19:43:23.352 [main] INFO  testCases.TC_003_LoginDDT - Clicked on Login
19:43:33.377 [main] ERROR testCases.TC_003_LoginDDT - Login Failed 
19:43:33.378 [main] INFO  testCases.TC_003_LoginDDT -  Finished TC_003_LoginDDT 
15:55:30.293 [main] INFO  testCases.TC_001_AccountRegistration - Starting TC_001_AccountRegistration
15:55:30.298 [main] INFO  testCases.TC_001_AccountRegistration - Launching Application
15:55:32.229 [main] INFO  testCases.TC_001_AccountRegistration - Clicked on myaccount & register link
15:55:32.330 [main] INFO  testCases.TC_001_AccountRegistration - Provided firstname
15:55:32.399 [main] INFO  testCases.TC_001_AccountRegistration - Provided lastname
15:55:32.473 [main] INFO  testCases.TC_001_AccountRegistration - Provided email
15:55:32.548 [main] INFO  testCases.TC_001_AccountRegistration - Provided mobile
15:55:32.683 [main] INFO  testCases.TC_001_AccountRegistration - Provided pswd & confirm pswd
15:55:33.231 [main] INFO  testCases.TC_001_AccountRegistration - Clicked on continue button
15:55:33.277 [main] INFO  testCases.TC_001_AccountRegistration - Registration test passed
15:55:34.175 [main] INFO  testCases.TC_002_Login - Starting TC_002_Login
15:55:34.885 [main] INFO  testCases.TC_002_Login - Home page Displayed
15:55:35.267 [main] INFO  testCases.TC_002_Login - clicked on myaccount
15:55:35.573 [main] INFO  testCases.TC_002_Login - clicked on login
15:55:35.662 [main] INFO  testCases.TC_002_Login - Provided email
15:55:35.736 [main] INFO  testCases.TC_002_Login - Provided password
15:55:36.138 [main] INFO  testCases.TC_002_Login - clicked on login page login button
15:55:36.206 [main] INFO  testCases.TC_002_Login - Login passed
15:56:36.634 [main] INFO  testCases.TC_001_AccountRegistration - Starting TC_001_AccountRegistration
15:56:36.637 [main] INFO  testCases.TC_001_AccountRegistration - Launching Application
15:56:37.980 [main] INFO  testCases.TC_001_AccountRegistration - Clicked on myaccount & register link
15:56:38.067 [main] INFO  testCases.TC_001_AccountRegistration - Provided firstname
15:56:38.137 [main] INFO  testCases.TC_001_AccountRegistration - Provided lastname
15:56:38.220 [main] INFO  testCases.TC_001_AccountRegistration - Provided email
15:56:38.294 [main] INFO  testCases.TC_001_AccountRegistration - Provided mobile
15:56:38.426 [main] INFO  testCases.TC_001_AccountRegistration - Provided pswd & confirm pswd
15:56:38.878 [main] INFO  testCases.TC_001_AccountRegistration - Clicked on continue button
15:56:39.139 [main] ERROR testCases.TC_001_AccountRegistration - Registration test failed
15:56:39.981 [main] INFO  testCases.TC_002_Login - Starting TC_002_Login
15:56:40.591 [main] INFO  testCases.TC_002_Login - Home page Displayed
15:56:40.959 [main] INFO  testCases.TC_002_Login - clicked on myaccount
15:56:41.247 [main] INFO  testCases.TC_002_Login - clicked on login
15:56:41.350 [main] INFO  testCases.TC_002_Login - Provided email
15:56:41.412 [main] INFO  testCases.TC_002_Login - Provided password
15:56:41.768 [main] INFO  testCases.TC_002_Login - clicked on login page login button
15:56:41.816 [main] INFO  testCases.TC_002_Login - Login passed
15:59:01.815 [main] INFO  testCases.TC_001_AccountRegistration - Starting TC_001_AccountRegistration
15:59:01.818 [main] INFO  testCases.TC_001_AccountRegistration - Launching Application
15:59:03.254 [main] INFO  testCases.TC_001_AccountRegistration - Clicked on myaccount & register link
15:59:03.347 [main] INFO  testCases.TC_001_AccountRegistration - Provided firstname
15:59:03.414 [main] INFO  testCases.TC_001_AccountRegistration - Provided lastname
15:59:03.489 [main] INFO  testCases.TC_001_AccountRegistration - Provided email
15:59:03.567 [main] INFO  testCases.TC_001_AccountRegistration - Provided mobile
15:59:03.694 [main] INFO  testCases.TC_001_AccountRegistration - Provided pswd & confirm pswd
15:59:04.171 [main] INFO  testCases.TC_001_AccountRegistration - Clicked on continue button
15:59:04.212 [main] INFO  testCases.TC_001_AccountRegistration - Registration test passed
15:59:57.113 [main] INFO  testCases.TC_001_AccountRegistration - Starting TC_001_AccountRegistration
15:59:57.117 [main] INFO  testCases.TC_001_AccountRegistration - Launching Application
15:59:58.708 [main] INFO  testCases.TC_001_AccountRegistration - Clicked on myaccount & register link
15:59:58.808 [main] INFO  testCases.TC_001_AccountRegistration - Provided firstname
15:59:58.892 [main] INFO  testCases.TC_001_AccountRegistration - Provided lastname
15:59:58.983 [main] INFO  testCases.TC_001_AccountRegistration - Provided email
15:59:59.077 [main] INFO  testCases.TC_001_AccountRegistration - Provided mobile
15:59:59.250 [main] INFO  testCases.TC_001_AccountRegistration - Provided pswd & confirm pswd
15:59:59.750 [main] INFO  testCases.TC_001_AccountRegistration - Clicked on continue button
15:59:59.791 [main] INFO  testCases.TC_001_AccountRegistration - Registration test passed
16:00:00.696 [main] INFO  testCases.TC_002_Login - Starting TC_002_Login
16:00:01.415 [main] INFO  testCases.TC_002_Login - Home page Displayed
16:00:01.733 [main] INFO  testCases.TC_002_Login - clicked on myaccount
16:00:02.046 [main] INFO  testCases.TC_002_Login - clicked on login
16:00:02.154 [main] INFO  testCases.TC_002_Login - Provided email
16:00:02.222 [main] INFO  testCases.TC_002_Login - Provided password
16:00:02.516 [main] INFO  testCases.TC_002_Login - clicked on login page login button
16:00:12.561 [main] ERROR testCases.TC_002_Login - Login failed
16:01:05.866 [main] INFO  testCases.TC_001_AccountRegistration - Starting TC_001_AccountRegistration
16:01:05.870 [main] INFO  testCases.TC_001_AccountRegistration - Launching Application
16:01:07.341 [main] INFO  testCases.TC_001_AccountRegistration - Clicked on myaccount & register link
16:01:07.427 [main] INFO  testCases.TC_001_AccountRegistration - Provided firstname
16:01:07.497 [main] INFO  testCases.TC_001_AccountRegistration - Provided lastname
16:01:07.575 [main] INFO  testCases.TC_001_AccountRegistration - Provided email
16:01:07.647 [main] INFO  testCases.TC_001_AccountRegistration - Provided mobile
16:01:07.785 [main] INFO  testCases.TC_001_AccountRegistration - Provided pswd & confirm pswd
16:01:08.278 [main] INFO  testCases.TC_001_AccountRegistration - Clicked on continue button
16:01:08.508 [main] ERROR testCases.TC_001_AccountRegistration - Registration test failed
16:01:09.323 [main] INFO  testCases.TC_002_Login - Starting TC_002_Login
16:01:10.162 [main] INFO  testCases.TC_002_Login - Home page Displayed
16:01:10.376 [main] INFO  testCases.TC_002_Login - clicked on myaccount
16:01:10.738 [main] INFO  testCases.TC_002_Login - clicked on login
16:01:10.838 [main] INFO  testCases.TC_002_Login - Provided email
16:01:10.903 [main] INFO  testCases.TC_002_Login - Provided password
16:01:11.233 [main] INFO  testCases.TC_002_Login - clicked on login page login button
16:01:21.307 [main] ERROR testCases.TC_002_Login - Login failed
16:02:49.325 [main] INFO  testCases.TC_001_AccountRegistration - Starting TC_001_AccountRegistration
16:02:49.327 [main] INFO  testCases.TC_001_AccountRegistration - Launching Application
16:02:50.688 [main] INFO  testCases.TC_001_AccountRegistration - Clicked on myaccount & register link
16:02:50.784 [main] INFO  testCases.TC_001_AccountRegistration - Provided firstname
16:02:50.856 [main] INFO  testCases.TC_001_AccountRegistration - Provided lastname
16:02:50.930 [main] INFO  testCases.TC_001_AccountRegistration - Provided email
16:02:51.007 [main] INFO  testCases.TC_001_AccountRegistration - Provided mobile
16:02:51.146 [main] INFO  testCases.TC_001_AccountRegistration - Provided pswd & confirm pswd
16:02:51.616 [main] INFO  testCases.TC_001_AccountRegistration - Clicked on continue button
16:02:51.653 [main] INFO  testCases.TC_001_AccountRegistration - Registration test passed
16:02:52.618 [main] INFO  testCases.TC_002_Login - Starting TC_002_Login
16:02:53.293 [main] INFO  testCases.TC_002_Login - Home page Displayed
16:02:53.601 [main] INFO  testCases.TC_002_Login - clicked on myaccount
16:02:53.919 [main] INFO  testCases.TC_002_Login - clicked on login
16:02:54.017 [main] INFO  testCases.TC_002_Login - Provided email
16:02:54.080 [main] INFO  testCases.TC_002_Login - Provided password
16:02:54.442 [main] INFO  testCases.TC_002_Login - clicked on login page login button
16:02:54.486 [main] INFO  testCases.TC_002_Login - Login passed
15:51:34.553 [main] INFO  testCases.TC_001_AccountRegistration - Starting TC_001_AccountRegistration
15:51:34.557 [main] INFO  testCases.TC_001_AccountRegistration - Launching Application
15:51:36.443 [main] INFO  testCases.TC_001_AccountRegistration - Clicked on myaccount & register link
15:51:36.571 [main] INFO  testCases.TC_001_AccountRegistration - Provided firstname
15:51:36.663 [main] INFO  testCases.TC_001_AccountRegistration - Provided lastname
15:51:36.785 [main] INFO  testCases.TC_001_AccountRegistration - Provided email
15:51:36.889 [main] INFO  testCases.TC_001_AccountRegistration - Provided mobile
15:51:37.074 [main] INFO  testCases.TC_001_AccountRegistration - Provided pswd & confirm pswd
15:51:37.637 [main] INFO  testCases.TC_001_AccountRegistration - Clicked on continue button
15:51:37.679 [main] INFO  testCases.TC_001_AccountRegistration - Registration test passed
15:51:38.693 [main] INFO  testCases.TC_002_Login - Starting TC_002_Login
15:51:39.522 [main] INFO  testCases.TC_002_Login - Home page Displayed
15:51:39.833 [main] INFO  testCases.TC_002_Login - clicked on myaccount
15:51:40.111 [main] INFO  testCases.TC_002_Login - clicked on login
15:51:40.216 [main] INFO  testCases.TC_002_Login - Provided email
15:51:40.305 [main] INFO  testCases.TC_002_Login - Provided password
15:51:40.741 [main] INFO  testCases.TC_002_Login - clicked on login page login button
15:51:40.795 [main] INFO  testCases.TC_002_Login - Login passed
15:51:59.681 [main] INFO  testCases.TC_001_AccountRegistration - Starting TC_001_AccountRegistration
15:51:59.685 [main] INFO  testCases.TC_001_AccountRegistration - Launching Application
15:52:01.041 [main] INFO  testCases.TC_001_AccountRegistration - Clicked on myaccount & register link
15:52:01.158 [main] INFO  testCases.TC_001_AccountRegistration - Provided firstname
15:52:01.250 [main] INFO  testCases.TC_001_AccountRegistration - Provided lastname
15:52:01.360 [main] INFO  testCases.TC_001_AccountRegistration - Provided email
15:52:01.458 [main] INFO  testCases.TC_001_AccountRegistration - Provided mobile
15:52:01.646 [main] INFO  testCases.TC_001_AccountRegistration - Provided pswd & confirm pswd
15:52:02.120 [main] INFO  testCases.TC_001_AccountRegistration - Clicked on continue button
15:52:02.164 [main] INFO  testCases.TC_001_AccountRegistration - Registration test passed
15:52:03.196 [main] INFO  testCases.TC_002_Login - Starting TC_002_Login
15:52:03.912 [main] INFO  testCases.TC_002_Login - Home page Displayed
15:52:04.307 [main] INFO  testCases.TC_002_Login - clicked on myaccount
15:52:04.589 [main] INFO  testCases.TC_002_Login - clicked on login
15:52:04.705 [main] INFO  testCases.TC_002_Login - Provided email
15:52:04.779 [main] INFO  testCases.TC_002_Login - Provided password
15:52:05.222 [main] INFO  testCases.TC_002_Login - clicked on login page login button
15:52:05.299 [main] INFO  testCases.TC_002_Login - Login passed
16:25:31.650 [main] INFO  testCases.TC_001_AccountRegistration - Starting TC_001_AccountRegistration
16:25:31.654 [main] INFO  testCases.TC_001_AccountRegistration - Launching Application
16:25:33.051 [main] INFO  testCases.TC_001_AccountRegistration - Clicked on myaccount & register link
16:25:33.141 [main] INFO  testCases.TC_001_AccountRegistration - Provided firstname
16:25:33.210 [main] INFO  testCases.TC_001_AccountRegistration - Provided lastname
16:25:33.292 [main] INFO  testCases.TC_001_AccountRegistration - Provided email
16:25:33.364 [main] INFO  testCases.TC_001_AccountRegistration - Provided mobile
16:25:33.509 [main] INFO  testCases.TC_001_AccountRegistration - Provided pswd & confirm pswd
16:25:33.952 [main] INFO  testCases.TC_001_AccountRegistration - Clicked on continue button
16:25:33.988 [main] INFO  testCases.TC_001_AccountRegistration - Registration test passed
16:25:34.798 [main] INFO  testCases.TC_002_Login - Starting TC_002_Login
16:25:35.421 [main] INFO  testCases.TC_002_Login - Home page Displayed
16:25:35.601 [main] INFO  testCases.TC_002_Login - clicked on myaccount
16:25:35.899 [main] INFO  testCases.TC_002_Login - clicked on login
16:25:35.998 [main] INFO  testCases.TC_002_Login - Provided email
16:25:36.065 [main] INFO  testCases.TC_002_Login - Provided password
16:25:36.422 [main] INFO  testCases.TC_002_Login - clicked on login page login button
16:25:36.467 [main] INFO  testCases.TC_002_Login - Login passed
16:54:02.810 [main] INFO  testCases.TC_001_AccountRegistration - Starting TC_001_AccountRegistration
16:54:02.814 [main] INFO  testCases.TC_001_AccountRegistration - Launching Application
16:54:04.420 [main] INFO  testCases.TC_001_AccountRegistration - Clicked on myaccount & register link
16:54:04.511 [main] INFO  testCases.TC_001_AccountRegistration - Provided firstname
16:54:04.583 [main] INFO  testCases.TC_001_AccountRegistration - Provided lastname
16:54:04.661 [main] INFO  testCases.TC_001_AccountRegistration - Provided email
16:54:04.728 [main] INFO  testCases.TC_001_AccountRegistration - Provided mobile
16:54:04.855 [main] INFO  testCases.TC_001_AccountRegistration - Provided pswd & confirm pswd
16:54:05.243 [main] INFO  testCases.TC_001_AccountRegistration - Clicked on continue button
16:54:05.278 [main] INFO  testCases.TC_001_AccountRegistration - Registration test passed
16:54:06.115 [main] INFO  testCases.TC_002_Login - Starting TC_002_Login
16:54:07.462 [main] INFO  testCases.TC_002_Login - Home page Displayed
16:54:07.774 [main] INFO  testCases.TC_002_Login - clicked on myaccount
16:54:08.032 [main] INFO  testCases.TC_002_Login - clicked on login
16:54:08.126 [main] INFO  testCases.TC_002_Login - Provided email
16:54:08.187 [main] INFO  testCases.TC_002_Login - Provided password
16:54:08.456 [main] INFO  testCases.TC_002_Login - clicked on login page login button
16:54:08.501 [main] INFO  testCases.TC_002_Login - Login passed
17:06:11.039 [main] INFO  testCases.TC_001_AccountRegistration - Starting TC_001_AccountRegistration
17:06:11.044 [main] INFO  testCases.TC_001_AccountRegistration - Launching Application
17:06:12.255 [main] INFO  testCases.TC_001_AccountRegistration - Clicked on myaccount & register link
17:06:12.348 [main] INFO  testCases.TC_001_AccountRegistration - Provided firstname
17:06:12.415 [main] INFO  testCases.TC_001_AccountRegistration - Provided lastname
17:06:12.489 [main] INFO  testCases.TC_001_AccountRegistration - Provided email
17:06:12.558 [main] INFO  testCases.TC_001_AccountRegistration - Provided mobile
17:06:12.691 [main] INFO  testCases.TC_001_AccountRegistration - Provided pswd & confirm pswd
17:06:13.075 [main] INFO  testCases.TC_001_AccountRegistration - Clicked on continue button
17:06:13.111 [main] INFO  testCases.TC_001_AccountRegistration - Registration test passed
17:06:13.937 [main] INFO  testCases.TC_002_Login - Starting TC_002_Login
17:06:14.472 [main] INFO  testCases.TC_002_Login - Home page Displayed
17:06:14.800 [main] INFO  testCases.TC_002_Login - clicked on myaccount
17:06:15.064 [main] INFO  testCases.TC_002_Login - clicked on login
17:06:15.158 [main] INFO  testCases.TC_002_Login - Provided email
17:06:15.223 [main] INFO  testCases.TC_002_Login - Provided password
17:06:15.490 [main] INFO  testCases.TC_002_Login - clicked on login page login button
17:06:15.537 [main] INFO  testCases.TC_002_Login - Login passed
17:06:35.347 [main] INFO  testCases.TC_001_AccountRegistration - Starting TC_001_AccountRegistration
17:06:35.351 [main] INFO  testCases.TC_001_AccountRegistration - Launching Application
17:06:36.546 [main] INFO  testCases.TC_001_AccountRegistration - Clicked on myaccount & register link
17:06:36.636 [main] INFO  testCases.TC_001_AccountRegistration - Provided firstname
17:06:36.706 [main] INFO  testCases.TC_001_AccountRegistration - Provided lastname
17:06:36.781 [main] INFO  testCases.TC_001_AccountRegistration - Provided email
17:06:36.850 [main] INFO  testCases.TC_001_AccountRegistration - Provided mobile
17:06:36.985 [main] INFO  testCases.TC_001_AccountRegistration - Provided pswd & confirm pswd
17:06:37.338 [main] INFO  testCases.TC_001_AccountRegistration - Clicked on continue button
17:06:37.374 [main] INFO  testCases.TC_001_AccountRegistration - Registration test passed
17:06:38.245 [main] INFO  testCases.TC_002_Login - Starting TC_002_Login
17:06:38.848 [main] INFO  testCases.TC_002_Login - Home page Displayed
17:06:39.155 [main] INFO  testCases.TC_002_Login - clicked on myaccount
17:06:39.392 [main] INFO  testCases.TC_002_Login - clicked on login
17:06:39.495 [main] INFO  testCases.TC_002_Login - Provided email
17:06:39.555 [main] INFO  testCases.TC_002_Login - Provided password
17:06:39.819 [main] INFO  testCases.TC_002_Login - clicked on login page login button
17:06:39.863 [main] INFO  testCases.TC_002_Login - Login passed
17:06:54.331 [main] INFO  testCases.TC_001_AccountRegistration - Starting TC_001_AccountRegistration
17:06:54.335 [main] INFO  testCases.TC_001_AccountRegistration - Launching Application
17:06:55.566 [main] INFO  testCases.TC_001_AccountRegistration - Clicked on myaccount & register link
17:06:55.658 [main] INFO  testCases.TC_001_AccountRegistration - Provided firstname
17:06:55.727 [main] INFO  testCases.TC_001_AccountRegistration - Provided lastname
17:06:55.807 [main] INFO  testCases.TC_001_AccountRegistration - Provided email
17:06:55.884 [main] INFO  testCases.TC_001_AccountRegistration - Provided mobile
17:06:56.020 [main] INFO  testCases.TC_001_AccountRegistration - Provided pswd & confirm pswd
17:06:56.370 [main] INFO  testCases.TC_001_AccountRegistration - Clicked on continue button
17:06:56.405 [main] INFO  testCases.TC_001_AccountRegistration - Registration test passed
17:06:57.303 [main] INFO  testCases.TC_002_Login - Starting TC_002_Login
17:06:57.871 [main] INFO  testCases.TC_002_Login - Home page Displayed
17:06:58.177 [main] INFO  testCases.TC_002_Login - clicked on myaccount
17:06:58.440 [main] INFO  testCases.TC_002_Login - clicked on login
17:06:58.534 [main] INFO  testCases.TC_002_Login - Provided email
17:06:58.608 [main] INFO  testCases.TC_002_Login - Provided password
17:06:58.875 [main] INFO  testCases.TC_002_Login - clicked on login page login button
17:06:58.919 [main] INFO  testCases.TC_002_Login - Login passed
17:18:02.824 [main] INFO  testCases.TC_001_AccountRegistration - Starting TC_001_AccountRegistration
17:18:02.828 [main] INFO  testCases.TC_001_AccountRegistration - Launching Application
17:18:04.145 [main] INFO  testCases.TC_001_AccountRegistration - Clicked on myaccount & register link
17:18:04.235 [main] INFO  testCases.TC_001_AccountRegistration - Provided firstname
17:18:04.299 [main] INFO  testCases.TC_001_AccountRegistration - Provided lastname
17:18:04.371 [main] INFO  testCases.TC_001_AccountRegistration - Provided email
17:18:04.434 [main] INFO  testCases.TC_001_AccountRegistration - Provided mobile
17:18:04.561 [main] INFO  testCases.TC_001_AccountRegistration - Provided pswd & confirm pswd
17:18:07.056 [main] INFO  testCases.TC_001_AccountRegistration - Clicked on continue button
17:18:07.092 [main] INFO  testCases.TC_001_AccountRegistration - Registration test passed
17:18:07.974 [main] INFO  testCases.TC_002_Login - Starting TC_002_Login
17:18:08.598 [main] INFO  testCases.TC_002_Login - Home page Displayed
17:18:08.790 [main] INFO  testCases.TC_002_Login - clicked on myaccount
17:18:09.065 [main] INFO  testCases.TC_002_Login - clicked on login
17:18:09.164 [main] INFO  testCases.TC_002_Login - Provided email
17:18:09.226 [main] INFO  testCases.TC_002_Login - Provided password
17:18:09.546 [main] INFO  testCases.TC_002_Login - clicked on login page login button
17:18:09.593 [main] INFO  testCases.TC_002_Login - Login passed
17:18:23.334 [main] INFO  testCases.TC_001_AccountRegistration - Starting TC_001_AccountRegistration
17:18:23.338 [main] INFO  testCases.TC_001_AccountRegistration - Launching Application
17:18:24.571 [main] INFO  testCases.TC_001_AccountRegistration - Clicked on myaccount & register link
17:18:24.659 [main] INFO  testCases.TC_001_AccountRegistration - Provided firstname
17:18:24.726 [main] INFO  testCases.TC_001_AccountRegistration - Provided lastname
17:18:24.808 [main] INFO  testCases.TC_001_AccountRegistration - Provided email
17:18:24.879 [main] INFO  testCases.TC_001_AccountRegistration - Provided mobile
17:18:25.005 [main] INFO  testCases.TC_001_AccountRegistration - Provided pswd & confirm pswd
17:18:27.472 [main] INFO  testCases.TC_001_AccountRegistration - Clicked on continue button
17:18:27.509 [main] INFO  testCases.TC_001_AccountRegistration - Registration test passed
17:18:28.310 [main] INFO  testCases.TC_002_Login - Starting TC_002_Login
17:18:28.971 [main] INFO  testCases.TC_002_Login - Home page Displayed
17:18:29.287 [main] INFO  testCases.TC_002_Login - clicked on myaccount
17:18:29.539 [main] INFO  testCases.TC_002_Login - clicked on login
17:18:29.632 [main] INFO  testCases.TC_002_Login - Provided email
17:18:29.695 [main] INFO  testCases.TC_002_Login - Provided password
17:18:30.025 [main] INFO  testCases.TC_002_Login - clicked on login page login button
17:18:30.073 [main] INFO  testCases.TC_002_Login - Login passed
17:18:42.682 [main] INFO  testCases.TC_001_AccountRegistration - Starting TC_001_AccountRegistration
17:18:42.685 [main] INFO  testCases.TC_001_AccountRegistration - Launching Application
17:18:43.959 [main] INFO  testCases.TC_001_AccountRegistration - Clicked on myaccount & register link
17:18:44.053 [main] INFO  testCases.TC_001_AccountRegistration - Provided firstname
17:18:44.120 [main] INFO  testCases.TC_001_AccountRegistration - Provided lastname
17:18:44.195 [main] INFO  testCases.TC_001_AccountRegistration - Provided email
17:18:44.262 [main] INFO  testCases.TC_001_AccountRegistration - Provided mobile
17:18:44.388 [main] INFO  testCases.TC_001_AccountRegistration - Provided pswd & confirm pswd
17:18:46.855 [main] INFO  testCases.TC_001_AccountRegistration - Clicked on continue button
17:18:46.890 [main] INFO  testCases.TC_001_AccountRegistration - Registration test passed
17:18:47.665 [main] INFO  testCases.TC_002_Login - Starting TC_002_Login
17:18:48.251 [main] INFO  testCases.TC_002_Login - Home page Displayed
17:18:48.575 [main] INFO  testCases.TC_002_Login - clicked on myaccount
17:18:48.837 [main] INFO  testCases.TC_002_Login - clicked on login
17:18:48.935 [main] INFO  testCases.TC_002_Login - Provided email
17:18:49.000 [main] INFO  testCases.TC_002_Login - Provided password
17:18:49.357 [main] INFO  testCases.TC_002_Login - clicked on login page login button
17:18:49.403 [main] INFO  testCases.TC_002_Login - Login passed
17:19:03.319 [main] INFO  testCases.TC_001_AccountRegistration - Starting TC_001_AccountRegistration
17:19:03.322 [main] INFO  testCases.TC_001_AccountRegistration - Launching Application
17:19:04.446 [main] INFO  testCases.TC_001_AccountRegistration - Clicked on myaccount & register link
17:19:04.543 [main] INFO  testCases.TC_001_AccountRegistration - Provided firstname
17:19:04.604 [main] INFO  testCases.TC_001_AccountRegistration - Provided lastname
17:19:04.678 [main] INFO  testCases.TC_001_AccountRegistration - Provided email
17:19:04.748 [main] INFO  testCases.TC_001_AccountRegistration - Provided mobile
17:19:04.887 [main] INFO  testCases.TC_001_AccountRegistration - Provided pswd & confirm pswd
17:19:07.377 [main] INFO  testCases.TC_001_AccountRegistration - Clicked on continue button
17:19:07.416 [main] INFO  testCases.TC_001_AccountRegistration - Registration test passed
17:19:08.256 [main] INFO  testCases.TC_002_Login - Starting TC_002_Login
17:19:08.811 [main] INFO  testCases.TC_002_Login - Home page Displayed
17:19:09.129 [main] INFO  testCases.TC_002_Login - clicked on myaccount
17:19:09.379 [main] INFO  testCases.TC_002_Login - clicked on login
17:19:09.482 [main] INFO  testCases.TC_002_Login - Provided email
17:19:09.552 [main] INFO  testCases.TC_002_Login - Provided password
17:19:09.890 [main] INFO  testCases.TC_002_Login - clicked on login page login button
17:19:09.939 [main] INFO  testCases.TC_002_Login - Login passed
17:21:08.909 [main] INFO  testCases.TC_001_AccountRegistration - Starting TC_001_AccountRegistration
17:21:08.911 [main] INFO  testCases.TC_001_AccountRegistration - Launching Application
17:21:10.164 [main] INFO  testCases.TC_001_AccountRegistration - Clicked on myaccount & register link
17:21:10.255 [main] INFO  testCases.TC_001_AccountRegistration - Provided firstname
17:21:10.321 [main] INFO  testCases.TC_001_AccountRegistration - Provided lastname
17:21:10.399 [main] INFO  testCases.TC_001_AccountRegistration - Provided email
17:21:10.466 [main] INFO  testCases.TC_001_AccountRegistration - Provided mobile
17:21:10.592 [main] INFO  testCases.TC_001_AccountRegistration - Provided pswd & confirm pswd
17:21:13.107 [main] INFO  testCases.TC_001_AccountRegistration - Clicked on continue button
17:21:13.146 [main] INFO  testCases.TC_001_AccountRegistration - Registration test passed
17:21:14.120 [main] INFO  testCases.TC_002_Login - Starting TC_002_Login
17:21:16.219 [main] INFO  testCases.TC_002_Login - Home page Displayed
17:21:16.408 [main] INFO  testCases.TC_002_Login - clicked on myaccount
17:21:17.276 [main] INFO  testCases.TC_002_Login - clicked on login
17:21:17.369 [main] INFO  testCases.TC_002_Login - Provided email
17:21:17.430 [main] INFO  testCases.TC_002_Login - Provided password
17:21:17.836 [main] INFO  testCases.TC_002_Login - clicked on login page login button
17:21:17.888 [main] INFO  testCases.TC_002_Login - Login passed
17:21:44.650 [main] INFO  testCases.TC_001_AccountRegistration - Starting TC_001_AccountRegistration
17:21:44.656 [main] INFO  testCases.TC_001_AccountRegistration - Launching Application
17:21:45.818 [main] INFO  testCases.TC_001_AccountRegistration - Clicked on myaccount & register link
17:21:45.912 [main] INFO  testCases.TC_001_AccountRegistration - Provided firstname
17:21:45.981 [main] INFO  testCases.TC_001_AccountRegistration - Provided lastname
17:21:46.059 [main] INFO  testCases.TC_001_AccountRegistration - Provided email
17:21:46.133 [main] INFO  testCases.TC_001_AccountRegistration - Provided mobile
17:21:46.263 [main] INFO  testCases.TC_001_AccountRegistration - Provided pswd & confirm pswd
17:21:48.779 [main] INFO  testCases.TC_001_AccountRegistration - Clicked on continue button
17:21:48.814 [main] INFO  testCases.TC_001_AccountRegistration - Registration test passed
17:21:49.683 [main] INFO  testCases.TC_002_Login - Starting TC_002_Login
17:21:50.340 [main] INFO  testCases.TC_002_Login - Home page Displayed
17:21:50.657 [main] INFO  testCases.TC_002_Login - clicked on myaccount
17:21:50.929 [main] INFO  testCases.TC_002_Login - clicked on login
17:21:51.017 [main] INFO  testCases.TC_002_Login - Provided email
17:21:51.082 [main] INFO  testCases.TC_002_Login - Provided password
17:21:51.436 [main] INFO  testCases.TC_002_Login - clicked on login page login button
17:21:51.481 [main] INFO  testCases.TC_002_Login - Login passed
17:22:11.604 [main] INFO  testCases.TC_001_AccountRegistration - Starting TC_001_AccountRegistration
17:22:11.607 [main] INFO  testCases.TC_001_AccountRegistration - Launching Application
17:22:12.907 [main] INFO  testCases.TC_001_AccountRegistration - Clicked on myaccount & register link
17:22:13.007 [main] INFO  testCases.TC_001_AccountRegistration - Provided firstname
17:22:13.081 [main] INFO  testCases.TC_001_AccountRegistration - Provided lastname
17:22:13.167 [main] INFO  testCases.TC_001_AccountRegistration - Provided email
17:22:13.245 [main] INFO  testCases.TC_001_AccountRegistration - Provided mobile
17:22:13.377 [main] INFO  testCases.TC_001_AccountRegistration - Provided pswd & confirm pswd
17:22:15.848 [main] INFO  testCases.TC_001_AccountRegistration - Clicked on continue button
